=== libpredict example application ===
Time:                     2024-07-05 15:56:09.851Z
Observer Position:        +51.2365°N, -0.5788°E, +0m
== Celestial Bodies ==
Current Sun Observation:  AZ:  259.248°, EL:   37.810°
          RF refraction:  dEL:   +0.013° (visible)
== Spacecraft ==
Parsing ISS TLE..         OK (Epoch: 2024.181.34)
Calculating ISS orbit..   OK
Current ISS Observation:  AZ:  341.049°, EL:  -42.554°
          RF refraction:  dEL:   +0.000° (not visible)
IM Chip ID: 0xa0 (correct = a0)
OPR Mode: 0x04
Next ISS AoS Azimuth:     176.567° at 2024-07-05 21:44:54.135Z
+0348,-0276,358.5
      Max Elevation:        6.754° at 2024-07-05 21:48:32.255Z
         LoS Azimuth:      86.982° at 2024-07-05 21:52:24.429Z
+0324,-0282,358.5
+0330,-0270,358.5
+0318,-0264,358.5
+0312,-0264,358.5
+0312,-0264,358.5
+0336,-0270,358.5
+0330,-0264,358.5
+0318,-0282,358.5
+0312,-0258,358.5
+0324,-0270,358.5
+0336,-0270,358.5
+0336,-0276,358.5
+0324,-0276,358.5
+0336,-0264,358.5
+0324,-0276,358.5
+0342,-0246,358.5
+0318,-0264,358.5
+0336,-0258,358.5
+0324,-0282,358.5
+0324,-0264,358.5
+0324,-0270,358.5
+0306,-0264,358.5
+0324,-0276,358.5
+0336,-0270,358.5
+0318,-0276,358.5
+0318,-0264,358.5
+0312,-0282,358.5
+0312,-0264,358.5
+0330,-0270,358.5
+0318,-0276,358.5
+0324,-0270,358.5
+0318,-0258,358.5
+0330,-0264,358.5
+0324,-0264,358.5
+0318,-0282,358.5
+0324,-0276,358.5
+0330,-0276,358.5
+0318,-0252,358.5
+0318,-0276,358.5
+0324,-0282,358.5
+0324,-0276,358.5
+0312,-0252,358.5
+0342,-0282,358.5
+0330,-0258,358.5
+0318,-0270,358.5
+0324,-0270,358.5
+0318,-0270,358.5
+0330,-0270,358.5
+0312,-0282,358.5
+0312,-0258,358.5
+0294,-0276,358.5
+0336,-0276,358.5
+0330,-0288,358.5
+0324,-0264,358.5
+0324,-0264,358.5
+0324,-0270,358.5
+0324,-0240,358.5
+0336,-0270,358.5
+0330,-0270,358.5
+0306,-0264,358.5
+0330,-0270,358.5
+0324,-0276,358.5
+0330,-0270,358.5
+0336,-0282,358.5
+0336,-0270,358.5
+0342,-0282,358.5
+0318,-0282,358.5
+0324,-0276,358.5
+0330,-0264,358.5
+0330,-0276,358.5
RX: M0,90
+0342,-0270,358.5
+0336,-0270,358.5
+0312,-0264,358.5
+0318,-0264,358.5
+0336,-0264,358.5
+0324,-0264,358.5
+0318,-0276,358.5
+0330,-0270,357.1
+0312,-0270,357.1
+0318,-0276,356.3
+0324,-0288,355.5
+0330,-0288,355.5
+0330,-0306,355.5
+0324,-0312,354.2
+0330,-0294,354.0
+0306,-0306,354.0
+0324,-0294,352.7
+0342,-0312,352.5
+0324,-0300,352.5
+0348,-0318,351.9
+0324,-0294,350.9
+0330,-0330,350.7
+0324,-0330,350.5
+0330,-0330,349.4
+0336,-0324,349.4
+0330,-0330,348.4
+0330,-0342,347.8
+0306,-0336,347.8
+0324,-0348,346.5
+0312,-0354,346.4
+0324,-0348,345.3
+0318,-0336,344.8
+0312,-0348,344.8
+0330,-0342,344.6
+0330,-0354,343.3
+0300,-0348,343.3
+0318,-0360,342.5
+0312,-0366,341.7
+0330,-0378,341.7
+0312,-0360,340.3
+0318,-0378,340.4
+0312,-0372,340.1
+0324,-0372,338.8
+0294,-0378,338.8
+0300,-0384,338.7
+0312,-0390,337.2
+0312,-0384,337.2
+0276,-0390,337.2
+0300,-0390,335.6
+0318,-0407,335.6
+0294,-0396,334.9
+0318,-0401,334.1
+0306,-0413,334.2
+0318,-0407,333.1
+0312,-0425,332.6
+0282,-0419,332.6
+0294,-0431,331.1
+0306,-0437,331.1
+0300,-0431,331.1
+0288,-0425,329.7
+0282,-0425,329.6
+0294,-0449,329.6
+0288,-0443,328.1
+0306,-0437,328.1
+0270,-0455,326.5
+0294,-0437,326.5
+0276,-0443,326.5
+0288,-0467,325.1
+0270,-0455,325.1
+0282,-0443,325.1
+0270,-0455,323.5
+0276,-0455,323.5
+0276,-0461,323.3
+0270,-0461,322.0
+0270,-0461,322.0
+0276,-0467,321.9
+0294,-0467,320.4
+0264,-0485,320.4
+0270,-0473,320.4
+0258,-0461,319.0
+0258,-0479,319.0
+0264,-0491,319.0
+0246,-0497,317.4
+0252,-0497,317.4
+0252,-0503,316.1
+0252,-0521,315.9
+0228,-0521,315.9
+0234,-0521,314.5
+0258,-0515,314.3
+0222,-0503,314.2
+0246,-0521,312.9
+0246,-0509,312.9
+0252,-0521,312.9
+0240,-0533,311.3
+0234,-0521,311.4
+0252,-0533,311.3
+0222,-0527,310.0
+0228,-0539,309.8
+0228,-0539,309.3
+0222,-0533,308.2
+0192,-0533,308.2
+0210,-0539,306.8
+0204,-0545,306.7
+0216,-0527,306.7
+0204,-0533,305.3
+0210,-0551,305.2
+0204,-0539,305.2
+0198,-0551,304.1
+0198,-0551,303.8
+0186,-0545,303.8
+0180,-0545,303.6
+0198,-0563,302.2
+0168,-0569,302.2
+0168,-0563,302.2
+0150,-0575,300.7
+0168,-0563,300.7
+0156,-0575,299.8
+0144,-0569,299.1
+0192,-0569,299.1
+0174,-0569,298.2
+0150,-0575,297.5
+0144,-0563,297.5
+0132,-0587,296.6
+0156,-0581,296.1
+0144,-0581,296.1
+0126,-0581,296.1
+0138,-0575,294.5
+0108,-0587,294.5
+0114,-0581,294.5
+0126,-0569,293.3
+0120,-0593,293.0
+0102,-0587,291.6
+0108,-0593,291.6
+0120,-0587,291.4
+0102,-0581,290.1
+0096,-0587,290.0
+0132,-0599,290.0
+0078,-0593,288.8
+0090,-0593,288.4
+0072,-0587,288.4
+0084,-0587,287.5
+0078,-0587,286.9
+0066,-0599,286.9
+0090,-0581,286.0
+0072,-0593,285.4
+0084,-0599,285.4
+0066,-0581,284.4
+0066,-0587,283.9
+0066,-0599,283.9
+0042,-0611,282.4
+0048,-0611,282.3
+0030,-0593,282.3
+0036,-0599,281.4
+0024,-0611,280.9
+0036,-0599,280.9
+0030,-0581,280.9
+0024,-0593,279.3
+0024,-0587,279.3
+0018,-0599,279.3
-0011,-0599,277.8
+0018,-0605,277.8
+0018,-0605,276.6
+0024,-0593,276.2
+0036,-0581,276.2
+0006,-0593,275.4
+0000,-0587,274.8
+0000,-0599,274.8
+0006,-0587,273.3
+0012,-0581,273.2
-0023,-0599,273.2
-0023,-0593,271.7
-0023,-0581,271.6
-0023,-0587,271.6
-0023,-0581,270.1
-0035,-0599,270.1
-0023,-0581,269.9
-0029,-0593,268.7
-0041,-0587,268.7
-0041,-0575,268.5
-0053,-0593,267.1
-0053,-0587,267.1
-0029,-0581,267.1
-0053,-0587,265.6
-0041,-0581,265.5
-0041,-0581,265.6
-0101,-0587,264.2
-0047,-0581,264.0
-0059,-0581,264.0
-0065,-0581,262.6
-0101,-0581,262.6
-0095,-0581,262.6
-0089,-0575,261.0
-0071,-0569,261.0
-0083,-0575,261.0
-0095,-0569,259.8
-0095,-0569,259.4
-0089,-0569,259.4
-0107,-0545,258.5
-0113,-0563,258.0
-0095,-0569,258.0
-0089,-0563,256.4
-0089,-0551,256.4
-0107,-0551,254.9
-0101,-0545,254.9
-0119,-0563,254.9
-0113,-0569,253.9
-0095,-0557,253.5
-0131,-0539,253.5
-0119,-0551,252.1
-0131,-0539,251.9
-0131,-0551,251.9
-0137,-0545,250.5
-0161,-0545,250.3
-0155,-0533,250.3
-0161,-0533,249.2
-0149,-0545,248.8
-0125,-0533,248.8
-0155,-0539,247.4
-0161,-0545,247.2
-0137,-0527,247.2
-0143,-0533,245.8
-0137,-0515,245.6
-0161,-0521,245.8
-0155,-0521,244.5
-0173,-0509,244.2
-0161,-0521,244.2
-0155,-0515,242.7
-0155,-0509,242.6
-0137,-0509,242.5
-0185,-0503,241.3
-0179,-0503,241.1
-0179,-0497,241.1
-0173,-0491,240.5
-0191,-0509,239.6
-0167,-0497,238.5
-0179,-0485,238.1
-0167,-0497,238.1
-0191,-0485,236.6
-0173,-0467,236.6
-0185,-0485,236.5
-0191,-0485,235.1
-0191,-0479,235.1
-0197,-0485,235.1
-0173,-0491,233.5
-0191,-0479,233.5
-0209,-0473,233.5
-0197,-0461,232.0
-0197,-0467,232.0
-0209,-0461,232.0
-0185,-0455,230.4
-0191,-0455,230.4
-0227,-0467,230.4
-0203,-0461,229.0
-0203,-0449,229.0
-0209,-0443,229.0
-0203,-0467,227.6
-0191,-0449,227.4
-0203,-0461,227.4
-0197,-0455,226.1
-0215,-0455,225.9
-0191,-0449,225.9
-0209,-0443,224.5
-0209,-0437,224.3
-0203,-0419,224.3
-0197,-0431,223.1
-0197,-0443,222.9
-0197,-0419,222.8
-0215,-0419,221.7
-0197,-0419,221.3
-0209,-0431,220.0
-0209,-0425,219.7
-0209,-0425,219.7
-0215,-0413,218.2
-0221,-0419,218.2
-0203,-0407,218.1
-0221,-0413,216.8
-0203,-0419,216.8
-0239,-0413,216.3
-0191,-0401,215.2
-0209,-0396,215.2
-0191,-0413,215.1
-0203,-0390,213.8
-0203,-0396,213.8
-0203,-0395,213.6
-0221,-0396,212.2
-0251,-0396,212.2
-0215,-0396,212.2
-0221,-0396,210.6
-0227,-0413,210.6
-0221,-0396,210.0
-0239,-0401,209.1
-0233,-0384,209.1
-0227,-0396,208.3
-0203,-0372,207.5
-0233,-0378,207.5
-0227,-0390,207.5
-0233,-0384,206.1
-0215,-0378,205.9
-0215,-0372,205.9
-0245,-0372,205.4
-0203,-0366,204.5
-0227,-0354,204.5
-0215,-0372,202.9
-0197,-0366,203.0
-0215,-0366,201.7
-0233,-0360,201.4
-0209,-0354,201.4
-0209,-0366,201.3
-0227,-0348,200.0
-0233,-0360,199.9
-0239,-0348,199.9
-0257,-0354,198.4
-0215,-0348,198.4
-0233,-0336,198.4
-0233,-0348,196.8
-0221,-0342,196.8
-0185,-0366,196.8
-0215,-0348,195.4
-0221,-0342,195.4
-0233,-0342,195.2
-0215,-0336,193.8
-0221,-0348,193.8
-0227,-0336,193.8
-0227,-0324,192.3
-0239,-0324,192.3
-0221,-0336,192.2
-0209,-0324,190.7
-0209,-0330,190.7
-0245,-0324,190.7
-0221,-0324,190.7
-0209,-0324,189.3
-0209,-0324,189.3
-0239,-0336,188.5
-0233,-0336,187.7
-0233,-0306,187.7
-0233,-0306,187.5
-0215,-0312,186.2
-0209,-0306,184.6
-0215,-0300,184.6
-0227,-0318,184.6
-0221,-0294,183.2
-0233,-0312,183.2
-0245,-0294,183.0
-0239,-0318,181.6
-0239,-0306,181.5
-0251,-0282,181.2
-0227,-0288,180.0
-0239,-0288,180.0
-0245,-0294,180.1
-0257,-0276,178.4
-0239,-0282,178.5
-0239,-0282,178.5
-0239,-0264,177.0
-0233,-0270,177.0
-0233,-0270,177.0
-0239,-0270,175.5
-0227,-0270,175.5
-0227,-0270,175.5
-0245,-0258,173.9
-0221,-0276,173.9
-0221,-0270,173.8
-0257,-0264,172.5
-0245,-0264,172.5
-0257,-0258,171.7
-0233,-0252,170.9
-0227,-0264,170.9
-0233,-0246,170.3
-0221,-0264,169.4
-0245,-0246,169.4
-0233,-0258,169.3
-0239,-0246,167.8
-0227,-0252,167.0
-0233,-0240,166.4
-0227,-0216,166.4
-0203,-0228,165.6
-0233,-0001,164.8
-0239,-0234,164.8
-0221,-0234,164.0
-0239,-0216,163.3
-0227,-0228,163.3
-0233,-0204,162.0
-0221,-0204,161.7
-0251,-0222,161.7
-0251,-0210,160.3
-0239,-0216,160.3
-0227,-0210,160.3
-0233,-0198,159.4
-0227,-0198,158.7
-0233,-0198,158.6
-0221,-0198,157.2
-0233,-0192,157.1
-0227,-0198,157.0
-0245,-0192,155.6
-0239,-0204,155.6
-0221,-0198,155.6
-0215,-0186,154.1
-0233,-0192,154.1
-0227,-0180,154.1
-0227,-0174,152.6
-0233,-0198,152.7
-0227,-0186,152.5
-0233,-0192,151.1
-0227,-0174,151.1
-0221,-0168,150.4
-0209,-0162,149.6
-0197,-0174,149.4
-0221,-0174,148.0
-0215,-0168,148.0
-0227,-0162,147.4
-0233,-0156,146.5
-0227,-0156,146.5
-0209,-0162,145.9
-0221,-0150,144.9
-0209,-0138,144.9
-0209,-0150,144.3
-0209,-0138,143.5
-0203,-0144,143.5
-0227,-0132,142.5
-0221,-0132,141.9
-0215,-0132,141.9
-0197,-0126,141.0
-0203,-0132,140.3
-0203,-0138,140.3
-0209,-0138,139.6
-0197,-0144,138.8
-0209,-0120,138.8
-0197,-0138,138.8
-0227,-0126,137.4
-0197,-0126,137.2
-0185,-0126,137.0
-0197,-0132,135.8
-0185,-0120,135.8
-0191,-0126,135.0
-0209,-0114,134.2
-0191,-0120,134.2
-0191,-0108,133.8
-0197,-0120,132.8
-0179,-0114,132.8
-0191,-0120,132.4
-0191,-0108,131.2
-0179,-0102,130.9
-0185,-0096,129.7
-0185,-0096,129.7
-0185,-0090,129.7
-0179,-0090,128.1
-0179,-0090,128.1
-0191,-0078,128.1
-0203,-0084,126.7
-0179,-0078,126.7
-0185,-0078,126.7
-0179,-0078,125.1
-0173,-0078,125.1
-0185,-0060,125.1
-0161,-0066,123.6
-0185,-0078,123.6
-0155,-0060,123.6
-0173,-0072,122.0
-0155,-0072,122.0
-0173,-0054,122.0
-0143,-0048,120.8
-0149,-0060,120.6
-0155,-0060,120.6
-0167,-0048,119.6
-0161,-0042,119.0
-0167,-0048,119.1
-0137,-0048,117.9
-0143,-0048,117.5
-0149,-0030,117.5
-0143,-0036,117.4
-0149,-0024,115.9
-0113,-0024,115.9
-0131,-0036,115.8
-0143,-0036,114.5
-0113,-0018,113.8
-0143,-0036,112.9
-0131,-0030,112.9
-0107,-0018,112.2
-0107,-0024,111.3
-0113,-0006,111.3
-0119,+0000,111.3
-0113,+0000,109.9
-0113,-0018,109.9
-0095,-0012,109.9
-0107,-0006,108.4
-0083,+0005,108.4
-0083,-0006,107.7
-0077,+0005,106.8
-0083,-0006,106.8
-0071,+0011,106.1
-0083,-0006,105.4
-0083,+0000,105.2
-0071,-0006,105.4
-0059,+0017,103.8
-0065,+0000,103.8
-0077,+0005,103.8
-0065,+0000,102.2
-0041,+0017,102.2
-0059,+0011,102.3
-0035,+0011,100.7
-0029,+0023,100.7
-0053,+0017,100.1
-0053,+0000,99.1
-0041,+0029,99.1
-0035,+0029,98.3
-0017,+0000,97.7
-0023,+0017,97.7
-0035,+0029,96.9
-0017,+0023,96.1
-0017,+0011,96.1
-0023,+0023,94.6
+0000,+0023,94.6
+0012,+0017,93.8
+0012,+0017,93.0
-0011,+0023,93.0
-0005,+0017,92.1
+0012,+0029,91.6
+0018,+0005,91.6
+0012,+0017,90.9
+0000,+0011,90.0
+0012,+0041,90.0
+0012,+0011,90.0
+0018,+0017,88.5
+0030,+0023,88.5
+0048,+0011,87.6
+0018,+0011,87.0
+0024,+0011,87.0
+0036,+0017,87.0
+0048,+0005,85.5
+0042,+0000,85.5
+0066,+0005,85.4
+0054,+0023,83.9
+0048,+0011,83.9
+0060,+0029,83.1
+0066,+0029,82.5
+0054,+0011,82.5
+0066,+0011,81.8
+0066,+0011,80.9
+0072,+0005,80.9
+0108,+0011,79.9
+0084,+0023,79.4
+0096,+0023,79.3
+0090,+0005,77.8
+0090,+0011,77.8
+0102,+0011,76.5
+0102,+0011,76.2
+0114,+0000,76.2
+0114,+0000,75.3
+0138,+0000,74.8
+0126,+0011,74.8
+0108,+0000,74.0
+0114,+0005,73.2
+0102,+0000,73.2
+0090,+0000,72.1
+0120,+0000,71.7
+0126,+0011,71.7
+0126,-0006,70.7
+0120,-0006,70.3
+0102,-0006,70.3
+0126,-0012,70.1
+0114,-0012,68.7
+0150,-0006,68.7
+0156,-0006,68.0
+0120,-0012,67.1
+0132,-0012,67.1
+0114,-0024,66.2
+0162,-0018,65.6
+0162,-0024,65.6
+0150,-0024,64.9
+0174,-0018,64.1
+0144,-0018,64.1
+0180,-0018,63.3
+0156,-0024,62.5
+0144,-0036,62.6
+0186,-0036,61.5
+0168,-0030,61.0